<?xml version="1.0" encoding="UTF-8"?>
<testsuites>
  <testsuite name="CodeIgniter Application Test Suite" tests="1" assertions="4" failures="0" errors="0" time="0.304341">
    <testsuite name="Fin_test" file="D:\Coding\localsites\bintree\application\tests\controllers\Fin_test.php" fullPackage="Fin" tests="1" assertions="4" failures="0" errors="0" time="0.304341">
      <testcase name="test_find_place" class="Fin_test" file="D:\Coding\localsites\bintree\application\tests\controllers\Fin_test.php" line="10" assertions="4" time="0.304341"/>
    </testsuite>
  </testsuite>
</testsuites>
